ene 18, 2025 2:30:23 P. M. db.GestorBD init
INFO: Driver cargado.
ene 18, 2025 2:31:14 P. M. db.GestorBD init
INFO: Driver cargado.
ene 18, 2025 2:33:15 P. M. db.GestorBD init
INFO: Driver cargado.
ene 18, 2025 2:34:40 P. M. db.GestorBD init
INFO: Driver cargado.
ene 18, 2025 2:36:06 P. M. db.GestorBD init
INFO: Driver cargado.
ene 18, 2025 2:36:13 P. M. db.GestorBD init
INFO: Driver cargado.
ene 18, 2025 2:36:19 P. M. db.GestorBD init
INFO: Driver cargado.
ene 18, 2025 2:37:56 P. M. db.GestorBD init
INFO: Driver cargado.
ene 18, 2025 2:38:11 P. M. db.GestorBD init
INFO: Driver cargado.
ene 18, 2025 2:39:30 P. M. db.GestorBD init
INFO: Driver cargado.
ene 18, 2025 2:41:17 P. M. db.GestorBD init
INFO: Driver cargado.
ene 18, 2025 2:42:28 P. M. db.GestorBD init
INFO: Driver cargado.
ene 18, 2025 2:42:34 P. M. db.GestorBD obtenerContrasena
INFO: Contraseña obtenida para el usuario: aimi
ene 18, 2025 2:42:34 P. M. db.GestorBD obtenerSaldo
INFO: Saldo obtenido para el usuario aimi: 4200
ene 18, 2025 2:42:35 P. M. db.GestorBD obtenerSaldo
INFO: Saldo obtenido para el usuario aimi: 4200
ene 18, 2025 2:42:39 P. M. db.GestorBD obtenerSaldo
INFO: Saldo obtenido para el usuario aimi: 4200
ene 18, 2025 2:42:45 P. M. db.GestorBD obtenerSaldo
INFO: Saldo obtenido para el usuario aimi: 4200
ene 18, 2025 2:42:49 P. M. db.GestorBD obtenerSaldo
INFO: Saldo obtenido para el usuario aimi: 4200
ene 18, 2025 2:42:51 P. M. db.GestorBD obtenerSaldo
INFO: Saldo obtenido para el usuario aimi: 4200
ene 18, 2025 2:43:08 P. M. db.GestorBD init
INFO: Driver cargado.
ene 18, 2025 2:43:14 P. M. db.GestorBD obtenerContrasena
INFO: Contraseña obtenida para el usuario: aimi
ene 18, 2025 2:43:15 P. M. db.GestorBD obtenerSaldo
INFO: Saldo obtenido para el usuario aimi: 4200
ene 18, 2025 2:43:15 P. M. db.GestorBD obtenerSaldo
INFO: Saldo obtenido para el usuario aimi: 4200
ene 18, 2025 2:43:36 P. M. db.GestorBD init
INFO: Driver cargado.
ene 18, 2025 2:43:41 P. M. db.GestorBD obtenerContrasena
INFO: Contraseña obtenida para el usuario: aimi
ene 18, 2025 2:43:41 P. M. db.GestorBD obtenerSaldo
INFO: Saldo obtenido para el usuario aimi: 4200
ene 18, 2025 2:43:41 P. M. db.GestorBD obtenerSaldo
INFO: Saldo obtenido para el usuario aimi: 4200
ene 18, 2025 2:44:18 P. M. db.GestorBD init
INFO: Driver cargado.
ene 18, 2025 2:44:23 P. M. db.GestorBD obtenerContrasena
INFO: Contraseña obtenida para el usuario: aimi
ene 18, 2025 2:44:24 P. M. db.GestorBD obtenerSaldo
INFO: Saldo obtenido para el usuario aimi: 4200
ene 18, 2025 2:44:24 P. M. db.GestorBD obtenerSaldo
INFO: Saldo obtenido para el usuario aimi: 4200
ene 18, 2025 2:44:59 P. M. db.GestorBD init
INFO: Driver cargado.
ene 18, 2025 2:45:04 P. M. db.GestorBD obtenerContrasena
INFO: Contraseña obtenida para el usuario: aimi
ene 18, 2025 2:45:04 P. M. db.GestorBD obtenerSaldo
INFO: Saldo obtenido para el usuario aimi: 4200
ene 18, 2025 2:45:05 P. M. db.GestorBD obtenerSaldo
INFO: Saldo obtenido para el usuario aimi: 4200
ene 18, 2025 2:47:17 P. M. db.GestorBD init
INFO: Driver cargado.
ene 18, 2025 2:47:23 P. M. db.GestorBD obtenerContrasena
INFO: Contraseña obtenida para el usuario: aimi
ene 18, 2025 2:47:23 P. M. db.GestorBD obtenerSaldo
INFO: Saldo obtenido para el usuario aimi: 4200
ene 18, 2025 2:47:29 P. M. db.GestorBD obtenerContrasena
INFO: Contraseña obtenida para el usuario: aimi
ene 18, 2025 2:47:29 P. M. db.GestorBD obtenerSaldo
INFO: Saldo obtenido para el usuario aimi: 4200
ene 18, 2025 2:58:48 P. M. db.GestorBD init
INFO: Driver cargado.
ene 18, 2025 3:18:33 P. M. db.GestorBD init
INFO: Driver cargado.
ene 18, 2025 3:18:42 P. M. db.GestorBD obtenerContrasena
INFO: Contraseña obtenida para el usuario: aimi
ene 18, 2025 3:18:42 P. M. db.GestorBD obtenerSaldo
INFO: Saldo obtenido para el usuario aimi: 4200
ene 18, 2025 3:18:42 P. M. db.GestorBD obtenerSaldo
INFO: Saldo obtenido para el usuario aimi: 4200
ene 18, 2025 3:18:46 P. M. db.GestorBD obtenerSaldo
INFO: Saldo obtenido para el usuario aimi: 4200
ene 18, 2025 3:18:46 P. M. db.GestorBD obtenerSaldo
INFO: Saldo obtenido para el usuario aimi: 4200
ene 18, 2025 3:18:46 P. M. db.GestorBD obtenerSaldo
INFO: Saldo obtenido para el usuario aimi: 4200
ene 18, 2025 3:18:46 P. M. db.GestorBD actualizarSaldo
INFO: Saldo actualizado para el usuario aimi: 4190
ene 18, 2025 3:18:46 P. M. db.GestorBD agregarMovimiento
INFO: Movimiento agregado para el usuario aimi: -10 fichas, asunto: blackjack:apuesta
ene 18, 2025 3:18:49 P. M. db.GestorBD obtenerSaldo
INFO: Saldo obtenido para el usuario aimi: 4190
ene 18, 2025 3:18:49 P. M. db.GestorBD obtenerSaldo
INFO: Saldo obtenido para el usuario aimi: 4190
ene 18, 2025 3:18:49 P. M. db.GestorBD actualizarSaldo
INFO: Saldo actualizado para el usuario aimi: 4210
ene 18, 2025 3:18:50 P. M. db.GestorBD agregarMovimiento
INFO: Movimiento agregado para el usuario aimi: 20 fichas, asunto: blackjack:premio
ene 18, 2025 3:18:56 P. M. db.GestorBD obtenerSaldo
INFO: Saldo obtenido para el usuario aimi: 4210
ene 18, 2025 3:18:59 P. M. db.GestorBD obtenerSaldo
INFO: Saldo obtenido para el usuario aimi: 4210
ene 18, 2025 3:18:59 P. M. db.GestorBD obtenerSaldo
INFO: Saldo obtenido para el usuario aimi: 4210
ene 18, 2025 3:18:59 P. M. db.GestorBD obtenerSaldo
INFO: Saldo obtenido para el usuario aimi: 4210
ene 18, 2025 3:19:00 P. M. db.GestorBD actualizarSaldo
INFO: Saldo actualizado para el usuario aimi: 4200
ene 18, 2025 3:19:00 P. M. db.GestorBD agregarMovimiento
INFO: Movimiento agregado para el usuario aimi: -10 fichas, asunto: slots:apuesta
ene 18, 2025 3:19:15 P. M. db.GestorBD obtenerSaldo
INFO: Saldo obtenido para el usuario aimi: 4200
ene 18, 2025 3:19:18 P. M. db.GestorBD obtenerSaldo
INFO: Saldo obtenido para el usuario aimi: 4200
ene 18, 2025 3:19:20 P. M. db.GestorBD obtenerSaldo
INFO: Saldo obtenido para el usuario aimi: 4200
ene 18, 2025 3:19:44 P. M. db.GestorBD init
INFO: Driver cargado.
ene 18, 2025 3:21:16 P. M. db.GestorBD init
INFO: Driver cargado.
ene 18, 2025 3:21:22 P. M. db.GestorBD obtenerContrasena
INFO: Contraseña obtenida para el usuario: aimi
ene 18, 2025 3:21:22 P. M. db.GestorBD obtenerSaldo
INFO: Saldo obtenido para el usuario aimi: 4200
ene 18, 2025 3:21:22 P. M. db.GestorBD obtenerSaldo
INFO: Saldo obtenido para el usuario aimi: 4200
ene 18, 2025 3:21:26 P. M. db.GestorBD obtenerSaldo
INFO: Saldo obtenido para el usuario aimi: 4200
ene 18, 2025 3:21:34 P. M. db.GestorBD obtenerSaldo
INFO: Saldo obtenido para el usuario aimi: 4200
ene 18, 2025 3:21:38 P. M. db.GestorBD obtenerSaldo
INFO: Saldo obtenido para el usuario aimi: 4200
ene 18, 2025 3:29:07 P. M. db.GestorBD init
INFO: Driver cargado.
ene 18, 2025 3:29:18 P. M. db.GestorBD obtenerContrasena
INFO: Contraseña obtenida para el usuario: aimi
ene 18, 2025 3:29:18 P. M. db.GestorBD obtenerSaldo
INFO: Saldo obtenido para el usuario aimi: 4200
ene 18, 2025 3:29:18 P. M. db.GestorBD obtenerSaldo
INFO: Saldo obtenido para el usuario aimi: 4200
ene 18, 2025 3:29:23 P. M. db.GestorBD obtenerSaldo
INFO: Saldo obtenido para el usuario aimi: 4200
ene 18, 2025 3:29:23 P. M. db.GestorBD obtenerSaldo
INFO: Saldo obtenido para el usuario aimi: 4200
ene 18, 2025 3:29:23 P. M. db.GestorBD obtenerSaldo
INFO: Saldo obtenido para el usuario aimi: 4200
ene 18, 2025 3:29:23 P. M. db.GestorBD actualizarSaldo
INFO: Saldo actualizado para el usuario aimi: 4190
ene 18, 2025 3:29:23 P. M. db.GestorBD agregarMovimiento
INFO: Movimiento agregado para el usuario aimi: -10 fichas, asunto: blackjack:apuesta
ene 18, 2025 3:29:29 P. M. db.GestorBD obtenerSaldo
INFO: Saldo obtenido para el usuario aimi: 4190
ene 18, 2025 3:29:29 P. M. db.GestorBD obtenerSaldo
INFO: Saldo obtenido para el usuario aimi: 4190
ene 18, 2025 3:29:29 P. M. db.GestorBD actualizarSaldo
INFO: Saldo actualizado para el usuario aimi: 4210
ene 18, 2025 3:29:29 P. M. db.GestorBD agregarMovimiento
INFO: Movimiento agregado para el usuario aimi: 20 fichas, asunto: blackjack:premio
ene 18, 2025 3:29:32 P. M. db.GestorBD obtenerSaldo
INFO: Saldo obtenido para el usuario aimi: 4210
ene 18, 2025 3:29:32 P. M. db.GestorBD obtenerSaldo
INFO: Saldo obtenido para el usuario aimi: 4210
ene 18, 2025 3:29:32 P. M. db.GestorBD obtenerSaldo
INFO: Saldo obtenido para el usuario aimi: 4210
ene 18, 2025 3:29:32 P. M. db.GestorBD actualizarSaldo
INFO: Saldo actualizado para el usuario aimi: 4200
ene 18, 2025 3:29:32 P. M. db.GestorBD agregarMovimiento
INFO: Movimiento agregado para el usuario aimi: -10 fichas, asunto: blackjack:apuesta
ene 18, 2025 3:29:37 P. M. db.GestorBD obtenerSaldo
INFO: Saldo obtenido para el usuario aimi: 4200
ene 18, 2025 3:29:37 P. M. db.GestorBD obtenerSaldo
INFO: Saldo obtenido para el usuario aimi: 4200
ene 18, 2025 3:29:37 P. M. db.GestorBD obtenerSaldo
INFO: Saldo obtenido para el usuario aimi: 4200
ene 18, 2025 3:29:37 P. M. db.GestorBD actualizarSaldo
INFO: Saldo actualizado para el usuario aimi: 4190
ene 18, 2025 3:29:38 P. M. db.GestorBD agregarMovimiento
INFO: Movimiento agregado para el usuario aimi: -10 fichas, asunto: blackjack:apuesta
ene 18, 2025 3:29:40 P. M. db.GestorBD obtenerSaldo
INFO: Saldo obtenido para el usuario aimi: 4190
ene 18, 2025 3:29:40 P. M. db.GestorBD obtenerSaldo
INFO: Saldo obtenido para el usuario aimi: 4190
ene 18, 2025 3:29:40 P. M. db.GestorBD actualizarSaldo
INFO: Saldo actualizado para el usuario aimi: 4200
ene 18, 2025 3:29:40 P. M. db.GestorBD agregarMovimiento
INFO: Movimiento agregado para el usuario aimi: 10 fichas, asunto: blackjack:empate
ene 18, 2025 3:29:43 P. M. db.GestorBD obtenerSaldo
INFO: Saldo obtenido para el usuario aimi: 4200
ene 18, 2025 3:29:43 P. M. db.GestorBD obtenerSaldo
INFO: Saldo obtenido para el usuario aimi: 4200
ene 18, 2025 3:29:43 P. M. db.GestorBD obtenerSaldo
INFO: Saldo obtenido para el usuario aimi: 4200
ene 18, 2025 3:29:44 P. M. db.GestorBD actualizarSaldo
INFO: Saldo actualizado para el usuario aimi: 4190
ene 18, 2025 3:29:44 P. M. db.GestorBD agregarMovimiento
INFO: Movimiento agregado para el usuario aimi: -10 fichas, asunto: blackjack:apuesta
ene 18, 2025 3:29:47 P. M. db.GestorBD obtenerSaldo
INFO: Saldo obtenido para el usuario aimi: 4190
ene 18, 2025 3:29:47 P. M. db.GestorBD obtenerSaldo
INFO: Saldo obtenido para el usuario aimi: 4190
ene 18, 2025 3:29:47 P. M. db.GestorBD obtenerSaldo
INFO: Saldo obtenido para el usuario aimi: 4190
ene 18, 2025 3:29:47 P. M. db.GestorBD actualizarSaldo
INFO: Saldo actualizado para el usuario aimi: 4180
ene 18, 2025 3:29:48 P. M. db.GestorBD agregarMovimiento
INFO: Movimiento agregado para el usuario aimi: -10 fichas, asunto: blackjack:apuesta
ene 18, 2025 3:29:48 P. M. db.GestorBD obtenerSaldo
INFO: Saldo obtenido para el usuario aimi: 4180
ene 18, 2025 3:29:48 P. M. db.GestorBD obtenerSaldo
INFO: Saldo obtenido para el usuario aimi: 4180
ene 18, 2025 3:29:49 P. M. db.GestorBD actualizarSaldo
INFO: Saldo actualizado para el usuario aimi: 4200
ene 18, 2025 3:29:49 P. M. db.GestorBD agregarMovimiento
INFO: Movimiento agregado para el usuario aimi: 20 fichas, asunto: blackjack:premio
ene 18, 2025 3:29:51 P. M. db.GestorBD obtenerSaldo
INFO: Saldo obtenido para el usuario aimi: 4200
ene 18, 2025 3:29:51 P. M. db.GestorBD obtenerSaldo
INFO: Saldo obtenido para el usuario aimi: 4200
ene 18, 2025 3:29:51 P. M. db.GestorBD obtenerSaldo
INFO: Saldo obtenido para el usuario aimi: 4200
ene 18, 2025 3:29:52 P. M. db.GestorBD actualizarSaldo
INFO: Saldo actualizado para el usuario aimi: 4190
ene 18, 2025 3:29:52 P. M. db.GestorBD agregarMovimiento
INFO: Movimiento agregado para el usuario aimi: -10 fichas, asunto: blackjack:apuesta
ene 18, 2025 3:29:55 P. M. db.GestorBD obtenerSaldo
INFO: Saldo obtenido para el usuario aimi: 4190
ene 18, 2025 3:29:55 P. M. db.GestorBD obtenerSaldo
INFO: Saldo obtenido para el usuario aimi: 4190
ene 18, 2025 3:29:55 P. M. db.GestorBD actualizarSaldo
INFO: Saldo actualizado para el usuario aimi: 4210
ene 18, 2025 3:29:55 P. M. db.GestorBD agregarMovimiento
INFO: Movimiento agregado para el usuario aimi: 20 fichas, asunto: blackjack:premio
ene 18, 2025 3:29:56 P. M. db.GestorBD obtenerSaldo
INFO: Saldo obtenido para el usuario aimi: 4210
ene 18, 2025 3:29:56 P. M. db.GestorBD obtenerSaldo
INFO: Saldo obtenido para el usuario aimi: 4210
ene 18, 2025 3:29:56 P. M. db.GestorBD obtenerSaldo
INFO: Saldo obtenido para el usuario aimi: 4210
ene 18, 2025 3:29:57 P. M. db.GestorBD actualizarSaldo
INFO: Saldo actualizado para el usuario aimi: 4200
ene 18, 2025 3:29:57 P. M. db.GestorBD agregarMovimiento
INFO: Movimiento agregado para el usuario aimi: -10 fichas, asunto: blackjack:apuesta
ene 18, 2025 3:36:21 P. M. db.GestorBD init
INFO: Driver cargado.
ene 18, 2025 3:36:28 P. M. db.GestorBD obtenerContrasena
INFO: Contraseña obtenida para el usuario: aimi
ene 18, 2025 3:36:28 P. M. db.GestorBD obtenerSaldo
INFO: Saldo obtenido para el usuario aimi: 4200
ene 18, 2025 3:36:28 P. M. db.GestorBD obtenerSaldo
INFO: Saldo obtenido para el usuario aimi: 4200
ene 18, 2025 3:36:33 P. M. db.GestorBD obtenerSaldo
INFO: Saldo obtenido para el usuario aimi: 4200
ene 18, 2025 3:36:33 P. M. db.GestorBD obtenerSaldo
INFO: Saldo obtenido para el usuario aimi: 4200
ene 18, 2025 3:36:33 P. M. db.GestorBD obtenerSaldo
INFO: Saldo obtenido para el usuario aimi: 4200
ene 18, 2025 3:36:33 P. M. db.GestorBD actualizarSaldo
INFO: Saldo actualizado para el usuario aimi: 4190
ene 18, 2025 3:36:33 P. M. db.GestorBD agregarMovimiento
INFO: Movimiento agregado para el usuario aimi: -10 fichas, asunto: blackjack:apuesta
ene 18, 2025 3:36:35 P. M. db.GestorBD obtenerSaldo
INFO: Saldo obtenido para el usuario aimi: 4190
ene 18, 2025 3:36:35 P. M. db.GestorBD obtenerSaldo
INFO: Saldo obtenido para el usuario aimi: 4190
ene 18, 2025 3:36:35 P. M. db.GestorBD actualizarSaldo
INFO: Saldo actualizado para el usuario aimi: 4200
ene 18, 2025 3:36:35 P. M. db.GestorBD agregarMovimiento
INFO: Movimiento agregado para el usuario aimi: 10 fichas, asunto: blackjack:empate
ene 18, 2025 3:37:37 P. M. db.GestorBD init
INFO: Driver cargado.
ene 18, 2025 3:37:43 P. M. db.GestorBD obtenerContrasena
INFO: Contraseña obtenida para el usuario: aimi
ene 18, 2025 3:37:43 P. M. db.GestorBD obtenerSaldo
INFO: Saldo obtenido para el usuario aimi: 4200
ene 18, 2025 3:37:43 P. M. db.GestorBD obtenerSaldo
INFO: Saldo obtenido para el usuario aimi: 4200
ene 18, 2025 3:37:47 P. M. db.GestorBD obtenerSaldo
INFO: Saldo obtenido para el usuario aimi: 4200
ene 18, 2025 3:37:47 P. M. db.GestorBD obtenerSaldo
INFO: Saldo obtenido para el usuario aimi: 4200
ene 18, 2025 3:37:47 P. M. db.GestorBD obtenerSaldo
INFO: Saldo obtenido para el usuario aimi: 4200
ene 18, 2025 3:37:47 P. M. db.GestorBD actualizarSaldo
INFO: Saldo actualizado para el usuario aimi: 4190
ene 18, 2025 3:37:47 P. M. db.GestorBD agregarMovimiento
INFO: Movimiento agregado para el usuario aimi: -10 fichas, asunto: blackjack:apuesta
ene 18, 2025 3:37:51 P. M. db.GestorBD obtenerSaldo
INFO: Saldo obtenido para el usuario aimi: 4190
ene 18, 2025 3:37:51 P. M. db.GestorBD obtenerSaldo
INFO: Saldo obtenido para el usuario aimi: 4190
ene 18, 2025 3:37:51 P. M. db.GestorBD actualizarSaldo
INFO: Saldo actualizado para el usuario aimi: 4210
ene 18, 2025 3:37:51 P. M. db.GestorBD agregarMovimiento
INFO: Movimiento agregado para el usuario aimi: 20 fichas, asunto: blackjack:premio
